make all --print-data-base --no-builtin-variables --no-builtin-rules --question
# GNU Make 4.1
# Built for x86_64-pc-linux-gnu
# Copyright (C) 1988-2014 Free Software Foundation, Inc.
# License GPLv3+: GNU GPL version 3 or later <http://gnu.org/licenses/gpl.html>
# This is free software: you are free to change and redistribute it.
# There is NO WARRANTY, to the extent permitted by law.

# Make data base, printed on Thu Jan 13 12:12:42 2022

# Variables

# 'override' directive
GNUMAKEFLAGS := 
# automatic
<D = $(patsubst %/,%,$(dir $<))
# automatic
?F = $(notdir $?)
# environment
DESKTOP_SESSION = ubuntu
# default
.SHELLFLAGS := -c
# environment
XDG_SESSION_TYPE = x11
# environment
VSCODE_LOG_NATIVE = false
# automatic
?D = $(patsubst %/,%,$(dir $?))
# automatic
@D = $(patsubst %/,%,$(dir $@))
# environment
XAUTHORITY = /run/user/1000/gdm/Xauthority
# environment
GDMSESSION = ubuntu
# environment
XMODIFIERS = @im=ibus
# makefile
CURDIR := /home/ww/opencv/test/DM_test/build
# makefile (from 'Makefile', line 39)
SHELL = /bin/sh
# makefile (from 'Makefile', line 45)
RM = /usr/bin/cmake -E remove -f
# environment
VTE_VERSION = 5202
# environment
VSCODE_NLS_CONFIG = {"locale":"zh-cn","availableLanguages":{"*":"zh-cn"},"_languagePackId":"85dc8b33bfa057e31dfd84e9a10f67e1.zh-cn","_translationsConfigFile":"/home/ww/.config/Code/clp/85dc8b33bfa057e31dfd84e9a10f67e1.zh-cn/tcf.json","_cacheRoot":"/home/ww/.config/Code/clp/85dc8b33bfa057e31dfd84e9a10f67e1.zh-cn","_resolvedLanguagePackCoreLocation":"/home/ww/.config/Code/clp/85dc8b33bfa057e31dfd84e9a10f67e1.zh-cn/899d46d82c4c95423fb7e10e68eba52050e30ba3","_corruptedFile":"/home/ww/.config/Code/clp/85dc8b33bfa057e31dfd84e9a10f67e1.zh-cn/corrupted.info","_languagePackSupport":true}
# environment
_ = /usr/bin/code
# environment
XDG_CONFIG_DIRS = /etc/xdg/xdg-ubuntu:/etc/xdg
# makefile (from 'Makefile', line 54)
CMAKE_BINARY_DIR = /home/ww/opencv/test/DM_test/build
# makefile (from 'Makefile', line 1)
MAKEFILE_LIST :=  Makefile
# automatic
@F = $(notdir $@)
# environment
IM_CONFIG_PHASE = 2
# environment
USERNAME = ww
# environment
XDG_DATA_DIRS = /usr/share/ubuntu:/usr/local/share/:/usr/share/:/var/lib/snapd/desktop
# environment
AUTOJUMP_SOURCED = 1
# environment
ROS_ETC_DIR = /opt/ros/melodic/etc/ros
# environment
DBUS_SESSION_BUS_ADDRESS = unix:path=/run/user/1000/bus
# environment
VSCODE_VERBOSE_LOGGING = true
# environment
ROS_PACKAGE_PATH = /opt/ros/melodic/share
# environment
ROS_PYTHON_VERSION = 2
# environment
VSCODE_IPC_HOOK_EXTHOST = /run/user/1000/vscode-ipc-9f6b8fbb-b3da-49d5-9d69-2bf4cd7b8cb5.sock
# environment
VSCODE_CWD = /home/ww/opencv/test/DM_test/build
# environment
CLUTTER_IM_MODULE = xim
# default
MAKE_HOST := x86_64-pc-linux-gnu
# environment
PATH = /opt/ros/melodic/bin:/home/ww/.autojump/bin:/home/ww/.local/bin:/usr/local/sbin:/usr/local/bin:/usr/sbin:/usr/bin:/sbin:/bin:/usr/games:/usr/local/games:/snap/bin
# environment
XDG_SESSION_DESKTOP = ubuntu
# environment
GPG_AGENT_INFO = /run/user/1000/gnupg/S.gpg-agent:0:1
# environment
LSCOLORS = exfxcxdxbxbxbxbxbxbxbx
# environment
SESSION_MANAGER = local/ww:@/tmp/.ICE-unix/2410,unix/ww:/tmp/.ICE-unix/2410
# environment
XDG_RUNTIME_DIR = /run/user/1000
# environment
TEXTDOMAIN = im-config
# environment
ROS_ROOT = /opt/ros/melodic/share/ros
# environment
XDG_MENU_PREFIX = gnome-
# environment
VSCODE_LOG_STACK = false
# environment
VSCODE_CRASH_REPORTER_START_OPTIONS = {"companyName":"Microsoft","productName":"VSCode","submitURL":"appcenter://code?aid=fba07a4d-84bd-4fc8-a125-9640fc8ce171&uid=fa9b9d5d-428b-478c-b3c7-b87fa117a08c&iid=fa9b9d5d-428b-478c-b3c7-b87fa117a08c&sid=fa9b9d5d-428b-478c-b3c7-b87fa117a08c","uploadToServer":true}
# default
.FEATURES := target-specific order-only second-expansion else-if shortest-stem undefine oneshell archives jobserver output-sync check-symlink load
# environment
ELECTRON_NO_ATTACH_CONSOLE = 1
# environment
CMAKE_PREFIX_PATH = /opt/ros/melodic
# environment
LS_COLORS = di=34;40:ln=35;40:so=32;40:pi=33;40:ex=31;40:bd=31;40:cd=31;40:su=31;40:sg=31;40:tw=31;40:ow=31;40:
# environment
ROS_DISTRO = melodic
# environment
SSH_AUTH_SOCK = /run/user/1000/keyring/ssh
# automatic
%F = $(notdir $%)
# environment
DISPLAY = :1
# environment
GTK_IM_MODULE = ibus
# environment
VSCODE_PIPE_LOGGING = true
# environment
PWD = /home/ww/opencv/test/DM_test/build
# environment
XDG_SEAT = seat0
# environment
SSH_AGENT_PID = 2487
# environment
PKG_CONFIG_PATH = /opt/ros/melodic/lib/pkgconfig
# environment
ORIGINAL_XDG_CURRENT_DESKTOP = ubuntu:GNOME
# environment
GTK_MODULES = gail:atk-bridge
# environment
VSCODE_AMD_ENTRYPOINT = vs/workbench/services/extensions/node/extensionHostProcess
# environment
HOME = /home/ww
# environment
LD_LIBRARY_PATH = /opt/ros/melodic/lib
# environment
VSCODE_CLI = 1
# environment
VSCODE_CODE_CACHE_PATH = /home/ww/.config/Code/CachedData/899d46d82c4c95423fb7e10e68eba52050e30ba3
# environment
LOGNAME = ww
# environment
APPLICATION_INSIGHTS_NO_DIAGNOSTIC_CHANNEL = true
# makefile (from 'Makefile', line 48)
EQUALS = =
# environment
ZSH = /home/ww/.oh-my-zsh
# environment
VSCODE_HANDLES_UNCAUGHT_ERRORS = true
# default
MAKE_VERSION := 4.1
# environment
GNOME_DESKTOP_SESSION_ID = this-is-deprecated
# automatic
^D = $(patsubst %/,%,$(dir $^))
# environment
XDG_VTNR = 2
# environment
MAKELEVEL := 0
# environment
COLORTERM = truecolor
# default
MAKE = $(MAKE_COMMAND)
# default
MAKECMDGOALS := all
# environment
QT_IM_MODULE = ibus
# environment
SHLVL = 1
# environment
GNOME_SHELL_SESSION_MODE = ubuntu
# environment
XDG_SESSION_ID = 3
# environment
USER = ww
# makefile
.DEFAULT_GOAL := default_target
# environment
XDG_CURRENT_DESKTOP = Unity
# makefile (from 'Makefile', line 51)
CMAKE_SOURCE_DIR = /home/ww/opencv/test/DM_test
# environment
LESS = -R
# automatic
%D = $(patsubst %/,%,$(dir $%))
# default
MAKE_COMMAND := make
# environment
OLDPWD = /home/ww/opencv/test/DM_test
# default
.VARIABLES := 
# automatic
*F = $(notdir $*)
# environment
LANGUAGE = zh_CN:zh
# environment
VSCODE_IPC_HOOK = /run/user/1000/vscode-42d72193-1.63.2-main.sock
# environment
PYTHONPATH = /opt/ros/melodic/lib/python2.7/dist-packages
# makefile
MAKEFLAGS = pqrRs
# environment
MFLAGS = -pqrRs
# automatic
*D = $(patsubst %/,%,$(dir $*))
# environment
BREAKPAD_DUMP_LOCATION = /home/ww/.config/Code/exthost Crash Reports
# environment
ROS_VERSION = 1
# automatic
+D = $(patsubst %/,%,$(dir $+))
# environment
GDK_BACKEND = x11
# automatic
+F = $(notdir $+)
# environment
QT_ACCESSIBILITY = 1
# environment
TEXTDOMAINDIR = /usr/share/locale/
# default
MAKEFILES := 
# automatic
<F = $(notdir $<)
# environment
ELECTRON_RUN_AS_NODE = 1
# environment
ROS_MASTER_URI = http://localhost:11311
# environment
PAGER = less
# environment
LC_ALL = C
# environment
QT4_IM_MODULE = xim
# makefile (from 'Makefile', line 42)
CMAKE_COMMAND = /usr/bin/cmake
# environment
GNOME_TERMINAL_SCREEN = /org/gnome/Terminal/screen/68497bf1_d69a_462b_9fd5_935009b534a5
# automatic
^F = $(notdir $^)
# environment
GNOME_TERMINAL_SERVICE = :1.74
# makefile (from 'Makefile', line 21)
SUFFIXES = 
# environment
CHROME_DESKTOP = code-url-handler.desktop
# environment
WINDOWPATH = 2
# environment
ROSLISP_PACKAGE_DIRECTORIES = 
# default
.INCLUDE_DIRS = /usr/include /usr/local/include /usr/include
# default
.RECIPEPREFIX := 
# environment
AUTOJUMP_ERROR_PATH = /home/ww/.local/share/autojump/errors.log
# environment
LANG = C
# environment
TERM = xterm-256color
# environment
VSCODE_PID = 9644
# variable set hash-table stats:
# Load=128/1024=12%, Rehash=0, Collisions=21/162=13%

# Pattern-specific Variable Values

# No pattern-specific variable values.

# Directories

# . (device 66310, inode 1740098): 14 files, no impossibilities.

 
# 14 files, no impossibilities in 1 directories.

# Implicit Rules

%.hpux_make_needs_suffix_list:

# 1 implicit rules, 0 (0.0%) terminal.

# Files

cmake_force:
#  Phony target (prerequisite of .PHONY).
#  Implicit rule search has not been done.
#  File does not exist.
#  File has not been updated.

test/fast: test
#  Phony target (prerequisite of .PHONY).
#  Implicit rule search has not been done.
#  File does not exist.
#  File has not been updated.

NightlyBuild/fast:
#  Phony target (prerequisite of .PHONY).
#  Implicit rule search has not been done.
#  File does not exist.
#  File has not been updated.
#  recipe to execute (from 'Makefile', line 286):
	$(MAKE) -f CMakeFiles/NightlyBuild.dir/build.make CMakeFiles/NightlyBuild.dir/build

ContinuousBuild/fast:
#  Phony target (prerequisite of .PHONY).
#  Implicit rule search has not been done.
#  File does not exist.
#  File has not been updated.
#  recipe to execute (from 'Makefile', line 312):
	$(MAKE) -f CMakeFiles/ContinuousBuild.dir/build.make CMakeFiles/ContinuousBuild.dir/build

edit_cache:
#  Phony target (prerequisite of .PHONY).
#  Implicit rule search has not been done.
#  File does not exist.
#  File has not been updated.
#  recipe to execute (from 'Makefile', line 105):
	@$(CMAKE_COMMAND) -E cmake_echo_color --switch=$(COLOR) --cyan "Running CMake cache editor..."
	/usr/bin/cmake-gui -H$(CMAKE_SOURCE_DIR) -B$(CMAKE_BINARY_DIR)

ExperimentalBuild/fast:
#  Phony target (prerequisite of .PHONY).
#  Implicit rule search has not been done.
#  File does not exist.
#  File has not been updated.
#  recipe to execute (from 'Makefile', line 520):
	$(MAKE) -f CMakeFiles/ExperimentalBuild.dir/build.make CMakeFiles/ExperimentalBuild.dir/build

all: cmake_check_build_system
#  Phony target (prerequisite of .PHONY).
#  Command line target.
#  Implicit rule search has not been done.
#  File does not exist.
#  File has been updated.
#  Needs to be updated (-q is set).
# variable set hash-table stats:
# Load=0/32=0%, Rehash=0, Collisions=0/6=0%
#  recipe to execute (from 'Makefile', line 116):
	$(CMAKE_COMMAND) -E cmake_progress_start /home/ww/opencv/test/DM_test/build/CMakeFiles /home/ww/opencv/test/DM_test/build/CMakeFiles/progress.marks
	$(MAKE) -f CMakeFiles/Makefile2 all
	$(CMAKE_COMMAND) -E cmake_progress_start /home/ww/opencv/test/DM_test/build/CMakeFiles 0

ContinuousUpdate/fast:
#  Phony target (prerequisite of .PHONY).
#  Implicit rule search has not been done.
#  File does not exist.
#  File has not been updated.
#  recipe to execute (from 'Makefile', line 507):
	$(MAKE) -f CMakeFiles/ContinuousUpdate.dir/build.make CMakeFiles/ContinuousUpdate.dir/build

ContinuousCoverage: cmake_check_build_system
#  Phony target (prerequisite of .PHONY).
#  Implicit rule search has not been done.
#  File does not exist.
#  File has not been updated.
#  recipe to execute (from 'Makefile', line 437):
	$(MAKE) -f CMakeFiles/Makefile2 ContinuousCoverage

NightlyCoverage: cmake_check_build_system
#  Phony target (prerequisite of .PHONY).
#  Implicit rule search has not been done.
#  File does not exist.
#  File has not been updated.
#  recipe to execute (from 'Makefile', line 372):
	$(MAKE) -f CMakeFiles/Makefile2 NightlyCoverage

.PHONY: default_target cmake_force rebuild_cache rebuild_cache/fast test test/fast package package/fast package_source package_source/fast edit_cache edit_cache/fast all clean clean/fast preinstall preinstall/fast depend DM_test DM_test/fast ContinuousSubmit ContinuousSubmit/fast ContinuousMemCheck ContinuousMemCheck/fast ContinuousConfigure ContinuousConfigure/fast ExperimentalSubmit ExperimentalSubmit/fast ExperimentalMemCheck ExperimentalMemCheck/fast ExperimentalTest ExperimentalTest/fast NightlyUpdate NightlyUpdate/fast NightlyStart NightlyStart/fast NightlyMemoryCheck NightlyMemoryCheck/fast NightlyBuild NightlyBuild/fast ExperimentalUpdate ExperimentalUpdate/fast ContinuousBuild ContinuousBuild/fast Continuous Continuous/fast Experimental Experimental/fast ExperimentalConfigure ExperimentalConfigure/fast NightlyTest NightlyTest/fast NightlyCoverage NightlyCoverage/fast ExperimentalCoverage ExperimentalCoverage/fast NightlyMemCheck NightlyMemCheck/fast ContinuousStart ContinuousStart/fast NightlySubmit NightlySubmit/fast ContinuousCoverage ContinuousCoverage/fast Nightly Nightly/fast NightlyConfigure NightlyConfigure/fast ExperimentalStart ExperimentalStart/fast ContinuousTest ContinuousTest/fast ContinuousUpdate ContinuousUpdate/fast ExperimentalBuild ExperimentalBuild/fast main.o main.cpp.o main.i main.cpp.i main.s main.cpp.s help cmake_check_build_system
#  Implicit rule search has not been done.
#  Modification time never checked.
#  File has not been updated.

ExperimentalCoverage: cmake_check_build_system
#  Phony target (prerequisite of .PHONY).
#  Implicit rule search has not been done.
#  File does not exist.
#  File has not been updated.
#  recipe to execute (from 'Makefile', line 385):
	$(MAKE) -f CMakeFiles/Makefile2 ExperimentalCoverage

NightlyMemoryCheck: cmake_check_build_system
#  Phony target (prerequisite of .PHONY).
#  Implicit rule search has not been done.
#  File does not exist.
#  File has not been updated.
#  recipe to execute (from 'Makefile', line 268):
	$(MAKE) -f CMakeFiles/Makefile2 NightlyMemoryCheck

main.s: main.cpp.s
#  Phony target (prerequisite of .PHONY).
#  Implicit rule search has not been done.
#  File does not exist.
#  File has not been updated.

preinstall/fast:
#  Phony target (prerequisite of .PHONY).
#  Implicit rule search has not been done.
#  File does not exist.
#  File has not been updated.
#  recipe to execute (from 'Makefile', line 138):
	$(MAKE) -f CMakeFiles/Makefile2 preinstall

ContinuousStart: cmake_check_build_system
#  Phony target (prerequisite of .PHONY).
#  Implicit rule search has not been done.
#  File does not exist.
#  File has not been updated.
#  recipe to execute (from 'Makefile', line 411):
	$(MAKE) -f CMakeFiles/Makefile2 ContinuousStart

NightlyStart: cmake_check_build_system
#  Phony target (prerequisite of .PHONY).
#  Implicit rule search has not been done.
#  File does not exist.
#  File has not been updated.
#  recipe to execute (from 'Makefile', line 255):
	$(MAKE) -f CMakeFiles/Makefile2 NightlyStart

ExperimentalStart: cmake_check_build_system
#  Phony target (prerequisite of .PHONY).
#  Implicit rule search has not been done.
#  File does not exist.
#  File has not been updated.
#  recipe to execute (from 'Makefile', line 476):
	$(MAKE) -f CMakeFiles/Makefile2 ExperimentalStart

NightlyUpdate/fast:
#  Phony target (prerequisite of .PHONY).
#  Implicit rule search has not been done.
#  File does not exist.
#  File has not been updated.
#  recipe to execute (from 'Makefile', line 247):
	$(MAKE) -f CMakeFiles/NightlyUpdate.dir/build.make CMakeFiles/NightlyUpdate.dir/build

ExperimentalUpdate: cmake_check_build_system
#  Phony target (prerequisite of .PHONY).
#  Implicit rule search has not been done.
#  File does not exist.
#  File has not been updated.
#  recipe to execute (from 'Makefile', line 294):
	$(MAKE) -f CMakeFiles/Makefile2 ExperimentalUpdate

.SUFFIXES: .hpux_make_needs_suffix_list
#  Implicit rule search has not been done.
#  Modification time never checked.
#  File has not been updated.

# Not a target:
Makefile:
#  Implicit rule search has been done.
#  Last modified 2022-01-12 20:48:21.066081668
#  File has been updated.
#  Successfully updated.

ExperimentalConfigure/fast:
#  Phony target (prerequisite of .PHONY).
#  Implicit rule search has not been done.
#  File does not exist.
#  File has not been updated.
#  recipe to execute (from 'Makefile', line 351):
	$(MAKE) -f CMakeFiles/ExperimentalConfigure.dir/build.make CMakeFiles/ExperimentalConfigure.dir/build

Nightly/fast:
#  Phony target (prerequisite of .PHONY).
#  Implicit rule search has not been done.
#  File does not exist.
#  File has not been updated.
#  recipe to execute (from 'Makefile', line 455):
	$(MAKE) -f CMakeFiles/Nightly.dir/build.make CMakeFiles/Nightly.dir/build

ExperimentalTest/fast:
#  Phony target (prerequisite of .PHONY).
#  Implicit rule search has not been done.
#  File does not exist.
#  File has not been updated.
#  recipe to execute (from 'Makefile', line 234):
	$(MAKE) -f CMakeFiles/ExperimentalTest.dir/build.make CMakeFiles/ExperimentalTest.dir/build

NightlyBuild: cmake_check_build_system
#  Phony target (prerequisite of .PHONY).
#  Implicit rule search has not been done.
#  File does not exist.
#  File has not been updated.
#  recipe to execute (from 'Makefile', line 281):
	$(MAKE) -f CMakeFiles/Makefile2 NightlyBuild

test:
#  Phony target (prerequisite of .PHONY).
#  Implicit rule search has not been done.
#  File does not exist.
#  File has not been updated.
#  recipe to execute (from 'Makefile', line 72):
	@$(CMAKE_COMMAND) -E cmake_echo_color --switch=$(COLOR) --cyan "Running tests..."
	/usr/bin/ctest --force-new-ctest-process $(ARGS)

package/fast: package
#  Phony target (prerequisite of .PHONY).
#  Implicit rule search has not been done.
#  File does not exist.
#  File has not been updated.

.NOTPARALLEL:
#  Implicit rule search has not been done.
#  Modification time never checked.
#  File has not been updated.

Continuous/fast:
#  Phony target (prerequisite of .PHONY).
#  Implicit rule search has not been done.
#  File does not exist.
#  File has not been updated.
#  recipe to execute (from 'Makefile', line 325):
	$(MAKE) -f CMakeFiles/Continuous.dir/build.make CMakeFiles/Continuous.dir/build

NightlyMemCheck/fast:
#  Phony target (prerequisite of .PHONY).
#  Implicit rule search has not been done.
#  File does not exist.
#  File has not been updated.
#  recipe to execute (from 'Makefile', line 403):
	$(MAKE) -f CMakeFiles/NightlyMemCheck.dir/build.make CMakeFiles/NightlyMemCheck.dir/build

clean/fast: clean
#  Phony target (prerequisite of .PHONY).
#  Implicit rule search has not been done.
#  File does not exist.
#  File has not been updated.

main.cpp.i:
#  Phony target (prerequisite of .PHONY).
#  Implicit rule search has not been done.
#  File does not exist.
#  File has not been updated.
#  recipe to execute (from 'Makefile', line 538):
	$(MAKE) -f CMakeFiles/DM_test.dir/build.make CMakeFiles/DM_test.dir/main.cpp.i

ExperimentalBuild: cmake_check_build_system
#  Phony target (prerequisite of .PHONY).
#  Implicit rule search has not been done.
#  File does not exist.
#  File has not been updated.
#  recipe to execute (from 'Makefile', line 515):
	$(MAKE) -f CMakeFiles/Makefile2 ExperimentalBuild

main.cpp.o:
#  Phony target (prerequisite of .PHONY).
#  Implicit rule search has not been done.
#  File does not exist.
#  File has not been updated.
#  recipe to execute (from 'Makefile', line 529):
	$(MAKE) -f CMakeFiles/DM_test.dir/build.make CMakeFiles/DM_test.dir/main.cpp.o

package_source:
 
#  Phony target (prerequisite of .PHONY).
#  Implicit rule search has not been done.
#  File does not exist.
#  File has not been updated.
#  recipe to execute (from 'Makefile', line 94):
	@$(CMAKE_COMMAND) -E cmake_echo_color --switch=$(COLOR) --cyan "Run CPack packaging tool for source..."
	/usr/bin/cpack --config ./CPackSourceConfig.cmake /home/ww/opencv/test/DM_test/build/CPackSourceConfig.cmake

ContinuousMemCheck/fast:
#  Phony target (prerequisite of .PHONY).
#  Implicit rule search has not been done.
#  File does not exist.
#  File has not been updated.
#  recipe to execute (from 'Makefile', line 182):
	$(MAKE) -f CMakeFiles/ContinuousMemCheck.dir/build.make CMakeFiles/ContinuousMemCheck.dir/build

ContinuousUpdate: cmake_check_build_system
#  Phony target (prerequisite of .PHONY).
#  Implicit rule search has not been done.
#  File does not exist.
#  File has not been updated.
#  recipe to execute (from 'Makefile', line 502):
	$(MAKE) -f CMakeFiles/Makefile2 ContinuousUpdate

NightlyTest/fast:
#  Phony target (prerequisite of .PHONY).
#  Implicit rule search has not been done.
#  File does not exist.
#  File has not been updated.
#  recipe to execute (from 'Makefile', line 364):
	$(MAKE) -f CMakeFiles/NightlyTest.dir/build.make CMakeFiles/NightlyTest.dir/build

Experimental/fast:
#  Phony target (prerequisite of .PHONY).
#  Implicit rule search has not been done.
#  File does not exist.
#  File has not been updated.
#  recipe to execute (from 'Makefile', line 338):
	$(MAKE) -f CMakeFiles/Experimental.dir/build.make CMakeFiles/Experimental.dir/build

cmake_check_build_system:
#  Phony target (prerequisite of .PHONY).
#  Implicit rule search has not been done.
#  Implicit/static pattern stem: ''
#  File does not exist.
#  File has been updated.
#  Needs to be updated (-q is set).
# automatic
# @ := cmake_check_build_system
# automatic
# % := 
# automatic
# * := 
# automatic
# + := 
# automatic
# | := 
# automatic
# < := 
# automatic
# ^ := 
# automatic
# ? := 
# variable set hash-table stats:
# Load=8/32=25%, Rehash=0, Collisions=3/14=21%
#  recipe to execute (from 'Makefile', line 604):
	$(CMAKE_COMMAND) -H$(CMAKE_SOURCE_DIR) -B$(CMAKE_BINARY_DIR) --check-build-system CMakeFiles/Makefile.cmake 0

ContinuousSubmit/fast:
#  Phony target (prerequisite of .PHONY).
#  Implicit rule search has not been done.
#  File does not exist.
#  File has not been updated.
#  recipe to execute (from 'Makefile', line 169):
	$(MAKE) -f CMakeFiles/ContinuousSubmit.dir/build.make CMakeFiles/ContinuousSubmit.dir/build

NightlySubmit/fast:
#  Phony target (prerequisite of .PHONY).
#  Implicit rule search has not been done.
#  File does not exist.
#  File has not been updated.
#  recipe to execute (from 'Makefile', line 429):
	$(MAKE) -f CMakeFiles/NightlySubmit.dir/build.make CMakeFiles/NightlySubmit.dir/build

ExperimentalSubmit/fast:
#  Phony target (prerequisite of .PHONY).
#  Implicit rule search has not been done.
#  File does not exist.
#  File has not been updated.
#  recipe to execute (from 'Makefile', line 208):
	$(MAKE) -f CMakeFiles/ExperimentalSubmit.dir/build.make CMakeFiles/ExperimentalSubmit.dir/build

ExperimentalMemCheck/fast:
#  Phony target (prerequisite of .PHONY).
#  Implicit rule search has not been done.
#  File does not exist.
#  File has not been updated.
#  recipe to execute (from 'Makefile', line 221):
	$(MAKE) -f CMakeFiles/ExperimentalMemCheck.dir/build.make CMakeFiles/ExperimentalMemCheck.dir/build

ContinuousConfigure/fast:
#  Phony target (prerequisite of .PHONY).
#  Implicit rule search has not been done.
#  File does not exist.
#  File has not been updated.
#  recipe to execute (from 'Makefile', line 195):
	$(MAKE) -f CMakeFiles/ContinuousConfigure.dir/build.make CMakeFiles/ContinuousConfigure.dir/build

preinstall: all
#  Phony target (prerequisite of .PHONY).
#  Implicit rule search has not been done.
#  File does not exist.
#  File has not been updated.
#  recipe to execute (from 'Makefile', line 133):
	$(MAKE) -f CMakeFiles/Makefile2 preinstall

DM_test/fast:
#  Phony target (prerequisite of .PHONY).
#  Implicit rule search has not been done.
#  File does not exist.
#  File has not been updated.
#  recipe to execute (from 'Makefile', line 156):
	$(MAKE) -f CMakeFiles/DM_test.dir/build.make CMakeFiles/DM_test.dir/build

main.cpp.s:
#  Phony target (prerequisite of .PHONY).
#  Implicit rule search has not been done.
#  File does not exist.
#  File has not been updated.
#  recipe to execute (from 'Makefile', line 547):
	$(MAKE) -f CMakeFiles/DM_test.dir/build.make CMakeFiles/DM_test.dir/main.cpp.s

help:
#  Phony target (prerequisite of .PHONY).
#  Implicit rule search has not been done.
#  File does not exist.
#  File has not been updated.
#  recipe to execute (from 'Makefile', line 552):
	@echo "The following are some of the valid targets for this Makefile:"
	@echo "... all (the default if no target is provided)"
	@echo "... clean"
	@echo "... depend"
	@echo "... rebuild_cache"
	@echo "... test"
	@echo "... package"
	@echo "... DM_test"
	@echo "... ContinuousSubmit"
	@echo "... ContinuousMemCheck"
	@echo "... ContinuousConfigure"
	@echo "... ExperimentalSubmit"
	@echo "... ExperimentalMemCheck"
	@echo "... ExperimentalTest"
	@echo "... NightlyUpdate"
	@echo "... NightlyStart"
	@echo "... NightlyMemoryCheck"
	@echo "... NightlyBuild"
	@echo "... ExperimentalUpdate"
	@echo "... ContinuousBuild"
	@echo "... Continuous"
	@echo "... Experimental"
	@echo "... package_source"
	@echo "... ExperimentalConfigure"
	@echo "... edit_cache"
	@echo "... NightlyTest"
	@echo "... NightlyCoverage"
	@echo "... ExperimentalCoverage"
	@echo "... NightlyMemCheck"
	@echo "... ContinuousStart"
	@echo "... NightlySubmit"
	@echo "... ContinuousCoverage"
	@echo "... Nightly"
	@echo "... NightlyConfigure"
	@echo "... ExperimentalStart"
	@echo "... ContinuousTest"
	@echo "... ContinuousUpdate"
	@echo "... ExperimentalBuild"
	@echo "... main.o"
	@echo "... main.i"
	@echo "... main.s"

.SILENT:
#  Implicit rule search has not been done.
#  Modification time never checked.
#  File has not been updated.

depend:
#  Phony target (prerequisite of .PHONY).
#  Implicit rule search has not been done.
#  File does not exist.
#  File has not been updated.
#  recipe to execute (from 'Makefile', line 143):
	$(CMAKE_COMMAND) -H$(CMAKE_SOURCE_DIR) -B$(CMAKE_BINARY_DIR) --check-build-system CMakeFiles/Makefile.cmake 1

NightlyUpdate: cmake_check_build_system
#  Phony target (prerequisite of .PHONY).
#  Implicit rule search has not been done.
#  File does not exist.
#  File has not been updated.
#  recipe to execute (from 'Makefile', line 242):
	$(MAKE) -f CMakeFiles/Makefile2 NightlyUpdate

# Not a target:
.DEFAULT:
#  Implicit rule search has not been done.
#  Modification time never checked.
#  File has not been updated.

default_target: all
#  Phony target (prerequisite of .PHONY).
#  Implicit rule search has not been done.
#  File does not exist.
#  File has not been updated.

Nightly: cmake_check_build_system
#  Phony target (prerequisite of .PHONY).
#  Implicit rule search has not been done.
#  File does not exist.
#  File has not been updated.
#  recipe to execute (from 'Makefile', line 450):
	$(MAKE) -f CMakeFiles/Makefile2 Nightly

ExperimentalTest: cmake_check_build_system
#  Phony target (prerequisite of .PHONY).
#  Implicit rule search has not been done.
#  File does not exist.
#  File has not been updated.
#  recipe to execute (from 'Makefile', line 229):
	$(MAKE) -f CMakeFiles/Makefile2 ExperimentalTest

package: preinstall
#  Phony target (prerequisite of .PHONY).
#  Implicit rule search has not been done.
#  File does not exist.
#  File has not been updated.
#  recipe to execute (from 'Makefile', line 83):
	@$(CMAKE_COMMAND) -E cmake_echo_color --switch=$(COLOR) --cyan "Run CPack packaging tool..."
	/usr/bin/cpack --config ./CPackConfig.cmake

NightlyConfigure/fast:
#  Phony target (prerequisite of .PHONY).
#  Implicit rule search has not been done.
#  File does not exist.
#  File has not been updated.
#  recipe to execute (from 'Makefile', line 468):
	$(MAKE) -f CMakeFiles/NightlyConfigure.dir/build.make CMakeFiles/NightlyConfigure.dir/build

Continuous: cmake_check_build_system
#  Phony target (prerequisite of .PHONY).
#  Implicit rule search has not been done.
#  File does not exist.
#  File has not been updated.
#  recipe to execute (from 'Makefile', line 320):
	$(MAKE) -f CMakeFiles/Makefile2 Continuous

ContinuousTest: cmake_check_build_system
#  Phony target (prerequisite of .PHONY).
#  Implicit rule search has not been done.
#  File does not exist.
#  File has not been updated.
#  recipe to execute (from 'Makefile', line 489):
	$(MAKE) -f CMakeFiles/Makefile2 ContinuousTest

clean:
#  Phony target (prerequisite of .PHONY).
#  Implicit rule search has not been done.
#  File does not exist.
#  File has not been updated.
#  recipe to execute (from 'Makefile', line 123):
	$(MAKE) -f CMakeFiles/Makefile2 clean

ContinuousMemCheck: cmake_check_build_system
#  Phony target (prerequisite of .PHONY).
#  Implicit rule search has not been done.
#  File does not exist.
#  File has not been updated.
#  recipe to execute (from 'Makefile', line 177):
	$(MAKE) -f CMakeFiles/Makefile2 ContinuousMemCheck

 
rebuild_cache/fast: rebuild_cache
#  Phony target (prerequisite of .PHONY).
#  Implicit rule search has not been done.
#  File does not exist.
#  File has not been updated.

NightlyTest: cmake_check_build_system
#  Phony target (prerequisite of .PHONY).
#  Implicit rule search has not been done.
#  File does not exist.
#  File has not been updated.
#  recipe to execute (from 'Makefile', line 359):
	$(MAKE) -f CMakeFiles/Makefile2 NightlyTest

edit_cache/fast: edit_cache
#  Phony target (prerequisite of .PHONY).
#  Implicit rule search has not been done.
#  File does not exist.
#  File has not been updated.

Experimental: cmake_check_build_system
#  Phony target (prerequisite of .PHONY).
#  Implicit rule search has not been done.
#  File does not exist.
#  File has not been updated.
#  recipe to execute (from 'Makefile', line 333):
	$(MAKE) -f CMakeFiles/Makefile2 Experimental

ContinuousSubmit: cmake_check_build_system
#  Phony target (prerequisite of .PHONY).
#  Implicit rule search has not been done.
#  File does not exist.
#  File has not been updated.
#  recipe to execute (from 'Makefile', line 164):
	$(MAKE) -f CMakeFiles/Makefile2 ContinuousSubmit

NightlySubmit: cmake_check_build_system
#  Phony target (prerequisite of .PHONY).
#  Implicit rule search has not been done.
#  File does not exist.
#  File has not been updated.
#  recipe to execute (from 'Makefile', line 424):
	$(MAKE) -f CMakeFiles/Makefile2 NightlySubmit

ExperimentalSubmit: cmake_check_build_system
#  Phony target (prerequisite of .PHONY).
#  Implicit rule search has not been done.
#  File does not exist.
#  File has not been updated.
#  recipe to execute (from 'Makefile', line 203):
	$(MAKE) -f CMakeFiles/Makefile2 ExperimentalSubmit

ExperimentalMemCheck: cmake_check_build_system
#  Phony target (prerequisite of .PHONY).
#  Implicit rule search has not been done.
#  File does not exist.
#  File has not been updated.
#  recipe to execute (from 'Makefile', line 216):
	$(MAKE) -f CMakeFiles/Makefile2 ExperimentalMemCheck

ContinuousBuild: cmake_check_build_system
#  Phony target (prerequisite of .PHONY).
#  Implicit rule search has not been done.
#  File does not exist.
#  File has not been updated.
#  recipe to execute (from 'Makefile', line 307):
	$(MAKE) -f CMakeFiles/Makefile2 ContinuousBuild

ContinuousConfigure: cmake_check_build_system
#  Phony target (prerequisite of .PHONY).
#  Implicit rule search has not been done.
#  File does not exist.
#  File has not been updated.
#  recipe to execute (from 'Makefile', line 190):
	$(MAKE) -f CMakeFiles/Makefile2 ContinuousConfigure

NightlyConfigure: cmake_check_build_system
#  Phony target (prerequisite of .PHONY).
#  Implicit rule search has not been done.
#  File does not exist.
#  File has not been updated.
#  recipe to execute (from 'Makefile', line 463):
	$(MAKE) -f CMakeFiles/Makefile2 NightlyConfigure

ExperimentalConfigure: cmake_check_build_system
#  Phony target (prerequisite of .PHONY).
#  Implicit rule search has not been done.
#  File does not exist.
#  File has not been updated.
#  recipe to execute (from 'Makefile', line 346):
	$(MAKE) -f CMakeFiles/Makefile2 ExperimentalConfigure

DM_test: cmake_check_build_system
#  Phony target (prerequisite of .PHONY).
#  Implicit rule search has not been done.
#  File does not exist.
#  File has not been updated.
#  recipe to execute (from 'Makefile', line 151):
	$(MAKE) -f CMakeFiles/Makefile2 DM_test

main.i: main.cpp.i
#  Phony target (prerequisite of .PHONY).
#  Implicit rule search has not been done.
#  File does not exist.
#  File has not been updated.

main.o: main.cpp.o
#  Phony target (prerequisite of .PHONY).
#  Implicit rule search has not been done.
#  File does not exist.
#  File has not been updated.

ContinuousCoverage/fast:
#  Phony target (prerequisite of .PHONY).
#  Implicit rule search has not been done.
#  File does not exist.
#  File has not been updated.
#  recipe to execute (from 'Makefile', line 442):
	$(MAKE) -f CMakeFiles/ContinuousCoverage.dir/build.make CMakeFiles/ContinuousCoverage.dir/build

NightlyCoverage/fast:
#  Phony target (prerequisite of .PHONY).
#  Implicit rule search has not been done.
#  File does not exist.
#  File has not been updated.
#  recipe to execute (from 'Makefile', line 377):
	$(MAKE) -f CMakeFiles/NightlyCoverage.dir/build.make CMakeFiles/NightlyCoverage.dir/build

ExperimentalCoverage/fast:
#  Phony target (prerequisite of .PHONY).
#  Implicit rule search has not been done.
#  File does not exist.
#  File has not been updated.
#  recipe to execute (from 'Makefile', line 390):
	$(MAKE) -f CMakeFiles/ExperimentalCoverage.dir/build.make CMakeFiles/ExperimentalCoverage.dir/build

NightlyMemCheck: cmake_check_build_system
#  Phony target (prerequisite of .PHONY).
#  Implicit rule search has not been done.
#  File does not exist.
#  File has not been updated.
#  recipe to execute (from 'Makefile', line 398):
	$(MAKE) -f CMakeFiles/Makefile2 NightlyMemCheck

# Not a target:
.hpux_make_needs_suffix_list:
#  Implicit rule search has not been done.
#  Modification time never checked.
#  File has not been updated.

NightlyMemoryCheck/fast:
#  Phony target (prerequisite of .PHONY).
#  Implicit rule search has not been done.
#  File does not exist.
#  File has not been updated.
#  recipe to execute (from 'Makefile', line 273):
	$(MAKE) -f CMakeFiles/NightlyMemoryCheck.dir/build.make CMakeFiles/NightlyMemoryCheck.dir/build

ContinuousStart/fast:
#  Phony target (prerequisite of .PHONY).
#  Implicit rule search has not been done.
#  File does not exist.
#  File has not been updated.
#  recipe to execute (from 'Makefile', line 416):
	$(MAKE) -f CMakeFiles/ContinuousStart.dir/build.make CMakeFiles/ContinuousStart.dir/build

ContinuousTest/fast:
#  Phony target (prerequisite of .PHONY).
#  Implicit rule search has not been done.
#  File does not exist.
#  File has not been updated.
#  recipe to execute (from 'Makefile', line 494):
	$(MAKE) -f CMakeFiles/ContinuousTest.dir/build.make CMakeFiles/ContinuousTest.dir/build

NightlyStart/fast:
#  Phony target (prerequisite of .PHONY).
#  Implicit rule search has not been done.
#  File does not exist.
#  File has not been updated.
#  recipe to execute (from 'Makefile', line 260):
	$(MAKE) -f CMakeFiles/NightlyStart.dir/build.make CMakeFiles/NightlyStart.dir/build

ExperimentalStart/fast:
#  Phony target (prerequisite of .PHONY).
#  Implicit rule search has not been done.
#  File does not exist.
#  File has not been updated.
#  recipe to execute (from 'Makefile', line 481):
	$(MAKE) -f CMakeFiles/ExperimentalStart.dir/build.make CMakeFiles/ExperimentalStart.dir/build

ExperimentalUpdate/fast:
#  Phony target (prerequisite of .PHONY).
#  Implicit rule search has not been done.
#  File does not exist.
#  File has not been updated.
#  recipe to execute (from 'Makefile', line 299):
	$(MAKE) -f CMakeFiles/ExperimentalUpdate.dir/build.make CMakeFiles/ExperimentalUpdate.dir/build

package_source/fast: package_source
#  Phony target (prerequisite of .PHONY).
#  Implicit rule search has not been done.
#  File does not exist.
#  File has not been updated.

rebuild_cache:
#  Phony target (prerequisite of .PHONY).
#  Implicit rule search has not been done.
#  File does not exist.
#  File has not been updated.
#  recipe to execute (from 'Makefile', line 61):
	@$(CMAKE_COMMAND) -E cmake_echo_color --switch=$(COLOR) --cyan "Running CMake to regenerate build system..."
	/usr/bin/cmake -H$(CMAKE_SOURCE_DIR) -B$(CMAKE_BINARY_DIR)

# files hash-table stats:
# Load=91/1024=9%, Rehash=0, Collisions=30/320=9%
# VPATH Search Paths

# No 'vpath' search paths.

# No general ('VPATH' variable) search path.

# strcache buffers: 1 (0) / strings = 106 / storage = 1698 B / avg = 16 B
# current buf: size = 8162 B / used = 1698 B / count = 106 / avg = 16 B

# strcache performance: lookups = 496 / hit rate = 78%
# hash-table stats:
# Load=106/8192=1%, Rehash=0, Collisions=12/496=2%
# Finished Make data base on Thu Jan 13 12:12:42 2022

 
