make --dry-run --always-make --keep-going --print-directory
make: Entering directory '/home/ww/opencv/test/DM_test'
/usr/bin/cmake -H/home/ww/opencv/test/DM_test -B/home/ww/opencv/test/DM_test --check-build-system CMakeFiles/Makefile.cmake 0
/usr/bin/cmake -E cmake_progress_start /home/ww/opencv/test/DM_test/CMakeFiles /home/ww/opencv/test/DM_test/CMakeFiles/progress.marks
make -f CMakeFiles/Makefile2 all
make[1]: Entering directory '/home/ww/opencv/test/DM_test'
make -f CMakeFiles/DM_test.dir/build.make CMakeFiles/DM_test.dir/depend
make[2]: Entering directory '/home/ww/opencv/test/DM_test'
cd /home/ww/opencv/test/DM_test && /usr/bin/cmake -E cmake_depends "Unix Makefiles" /home/ww/opencv/test/DM_test /home/ww/opencv/test/DM_test /home/ww/opencv/test/DM_test /home/ww/opencv/test/DM_test /home/ww/opencv/test/DM_test/CMakeFiles/DM_test.dir/DependInfo.cmake --color=
make[2]: Leaving directory '/home/ww/opencv/test/DM_test'
make -f CMakeFiles/DM_test.dir/build.make CMakeFiles/DM_test.dir/build
make[2]: Entering directory '/home/ww/opencv/test/DM_test'
/usr/bin/cmake -E cmake_echo_color --switch= --green --progress-dir=/home/ww/opencv/test/DM_test/CMakeFiles --progress-num=1 "Building CXX object CMakeFiles/DM_test.dir/main.cpp.o"
/usr/bin/c++   -isystem /usr/local/include/opencv4  -std=gnu++11 -o CMakeFiles/DM_test.dir/main.cpp.o -c /home/ww/opencv/test/DM_test/main.cpp
/usr/bin/cmake -E cmake_echo_color --switch= --green --bold --progress-dir=/home/ww/opencv/test/DM_test/CMakeFiles --progress-num=2 "Linking CXX executable DM_test"
/usr/bin/cmake -E cmake_link_script CMakeFiles/DM_test.dir/link.txt --verbose=
make[2]: Leaving directory '/home/ww/opencv/test/DM_test'
/usr/bin/cmake -E cmake_echo_color --switch= --progress-dir=/home/ww/opencv/test/DM_test/CMakeFiles --progress-num=1,2 "Built target DM_test"
make[1]: Leaving directory '/home/ww/opencv/test/DM_test'
/usr/bin/cmake -E cmake_progress_start /home/ww/opencv/test/DM_test/CMakeFiles 0
make: Leaving directory '/home/ww/opencv/test/DM_test'
 
